2023-12-08 21:36:50.081 [main] INFO  ua.foxminded.scarb.test.VolunteerPageTest - Starting checkVolunteerFormTest
2023-12-08 21:38:16.840 [main] INFO  ua.foxminded.scarb.test.VolunteerPageTest - Starting checkVolunteerFormTest
2023-12-08 21:49:41.171 [main] INFO  ua.foxminded.scarb.test.VolunteerPageTest - Starting checkVolunteerFormTest
2023-12-08 21:54:07.342 [main] INFO  ua.foxminded.scarb.test.VolunteerPageTest - Starting checkVolunteerFormTest
2023-12-08 21:58:11.133 [main] INFO  ua.foxminded.scarb.test.VolunteerPageTest - Starting checkVolunteerFormTest
2023-12-08 22:02:51.997 [main] INFO  ua.foxminded.scarb.test.VolunteerPageTest - Starting checkVolunteerFormTest
2023-12-08 22:03:48.369 [main] INFO  ua.foxminded.scarb.test.VolunteerPageTest - Starting checkVolunteerFormTest
2023-12-08 22:07:14.348 [main] INFO  ua.foxminded.scarb.pages.LoginPage - Logging in
2023-12-08 22:07:21.111 [main] INFO  ua.foxminded.scarb.pages.LoginPage - Logging in
2023-12-08 22:07:32.270 [main] INFO  ua.foxminded.scarb.pages.LoginPage - Logging in
2023-12-08 22:10:18.777 [main] INFO  ua.foxminded.scarb.test.VolunteerPageTest - Starting checkVolunteerFormTest
2023-12-08 22:12:44.813 [main] INFO  ua.foxminded.scarb.test.VolunteerPageTest - Starting checkVolunteerFormTest
2023-12-08 22:15:13.398 [main] INFO  ua.foxminded.scarb.test.VolunteerPageTest - Starting checkVolunteerFormTest
2023-12-08 22:16:35.028 [main] INFO  ua.foxminded.scarb.test.VolunteerPageTest - Starting checkVolunteerFormTest
2023-12-08 22:20:09.922 [main] INFO  ua.foxminded.scarb.test.VolunteerCreationTest - Creating volunteer: Volunteer1
2023-12-08 22:20:21.760 [main] INFO  ua.foxminded.scarb.test.VolunteerCreationTest - Creating volunteer: Volunteer2
2023-12-08 22:20:38.543 [main] INFO  ua.foxminded.scarb.test.VolunteerCreationTest - Creating volunteer: Volunteer3
2023-12-08 22:23:19.956 [main] INFO  ua.foxminded.scarb.test.VolunteerPageTest - Starting checkVolunteerFormTest
2023-12-08 22:23:58.129 [main] INFO  ua.foxminded.scarb.test.VolunteerPageTest - Starting checkVolunteerFormTest
2023-12-08 22:25:52.520 [main] INFO  ua.foxminded.scarb.test.VolunteerCreationTest - Creating volunteer: Volunteer1
2023-12-08 22:26:02.416 [main] INFO  ua.foxminded.scarb.test.VolunteerCreationTest - Creating volunteer: Volunteer2
2023-12-08 22:26:17.550 [main] INFO  ua.foxminded.scarb.test.VolunteerCreationTest - Creating volunteer: Volunteer3
2023-12-08 22:28:49.967 [main] INFO  ua.foxminded.scarb.test.VolunteerCreationTest - Creating volunteer: Volunteer1
2023-12-08 22:29:12.284 [main] INFO  ua.foxminded.scarb.test.VolunteerCreationTest - Creating volunteer: Volunteer2
2023-12-08 22:29:35.840 [main] INFO  ua.foxminded.scarb.test.VolunteerCreationTest - Creating volunteer: Volunteer3
2023-12-08 22:35:40.479 [main] INFO  ua.foxminded.scarb.test.UserCreatRegistrationDbTest - Start checking Test
2023-12-08 22:40:21.750 [main] INFO  ua.foxminded.scarb.test.UserCreatRegistrationDbTest - Start checking Test
2023-12-08 22:51:45.891 [main] INFO  ua.foxminded.scarb.pages.LoginPage - Logging in
2023-12-08 22:51:52.520 [main] INFO  ua.foxminded.scarb.pages.LoginPage - Login successful
2023-12-08 22:51:52.534 [main] INFO  ua.foxminded.scarb.pages.TaskPage - CreateTask 1 Website
2023-12-08 22:52:06.425 [main] INFO  ua.foxminded.scarb.pages.LoginPage - Logging in
2023-12-08 22:52:15.143 [main] INFO  ua.foxminded.scarb.pages.LoginPage - Login successful
2023-12-08 22:52:15.144 [main] INFO  ua.foxminded.scarb.pages.TaskPage - CreateTask 2 Mobile banking app
2023-12-08 22:52:27.683 [main] INFO  ua.foxminded.scarb.pages.LoginPage - Logging in
2023-12-08 22:52:36.419 [main] INFO  ua.foxminded.scarb.pages.LoginPage - Login successful
2023-12-08 22:52:36.420 [main] INFO  ua.foxminded.scarb.pages.TaskPage - CreateTask 3 On-line casino
2023-12-08 22:56:17.434 [main] INFO  ua.foxminded.scarb.test.ScarbHomePageTest - Starting checkContactUsTest
2023-12-08 22:56:26.160 [main] INFO  ua.foxminded.scarb.test.ScarbHomePageTest - Starting getToHomePageTest
2023-12-08 22:58:33.659 [main] INFO  ua.foxminded.scarb.test.ScarbHomePageTest - Starting checkContactUsTest
2023-12-08 22:58:45.846 [main] INFO  ua.foxminded.scarb.test.ScarbHomePageTest - Starting getToHomePageTest
2023-12-08 23:00:24.018 [main] INFO  ua.foxminded.scarb.test.ScarbHomePageTest - Starting checkContactUsTest
2023-12-08 23:00:31.910 [main] INFO  ua.foxminded.scarb.test.ScarbHomePageTest - Starting getToHomePageTest
2023-12-08 23:02:50.514 [main] INFO  ua.foxminded.scarb.test.ScarbHomePageTest - Starting checkContactUsTest
2023-12-08 23:02:53.044 [main] INFO  ua.foxminded.scarb.test.ScarbHomePageTest - Starting getToHomePageTest
2023-12-08 23:07:13.271 [main] INFO  ua.foxminded.scarb.test.ScarbHomePageTest - Starting checkContactUsTest
2023-12-08 23:07:20.311 [main] INFO  ua.foxminded.scarb.test.ScarbHomePageTest - Starting getToHomePageTest
2023-12-08 23:10:27.022 [main] INFO  ua.foxminded.scarb.test.ScarbHomePageTest - Starting checkContactUsTest
2023-12-08 23:10:34.130 [main] INFO  ua.foxminded.scarb.test.ScarbHomePageTest - Starting getToHomePageTest
2023-12-08 23:12:36.889 [main] INFO  ua.foxminded.scarb.test.ScarbHomePageTest - Starting checkContactUsTest
2023-12-08 23:12:46.668 [main] INFO  ua.foxminded.scarb.test.ScarbHomePageTest - Starting getToHomePageTest
2023-12-08 23:14:03.678 [main] INFO  ua.foxminded.scarb.test.ScarbHomePageTest - Starting checkContactUsTest
2023-12-08 23:14:15.196 [main] INFO  ua.foxminded.scarb.test.ScarbHomePageTest - Starting getToHomePageTest
2023-12-08 23:15:37.963 [main] INFO  ua.foxminded.scarb.test.ScarbHomePageTest - Starting checkContactUsTest
2023-12-08 23:15:39.379 [main] DEBUG ua.foxminded.scarb.test.ScarbHomePageTest - Actual Page Text: Свяжитесь с нами
2023-12-08 23:15:39.379 [main] DEBUG ua.foxminded.scarb.test.ScarbHomePageTest - Expected Page Text: Свяжитесь с нами
2023-12-08 23:15:39.380 [main] INFO  ua.foxminded.scarb.test.ScarbHomePageTest - checkContactUsTest completed successfully
2023-12-08 23:15:46.413 [main] INFO  ua.foxminded.scarb.test.ScarbHomePageTest - Starting getToHomePageTest
2023-12-08 23:15:46.433 [main] DEBUG ua.foxminded.scarb.test.ScarbHomePageTest - Actual Title: SKARB NGO
2023-12-08 23:15:46.433 [main] DEBUG ua.foxminded.scarb.test.ScarbHomePageTest - Expected Title: SKARB NGO
2023-12-08 23:15:46.433 [main] INFO  ua.foxminded.scarb.test.ScarbHomePageTest - getToHomePageTest completed successfully
2023-12-08 23:17:42.679 [main] INFO  ua.foxminded.scarb.pages.PartnerPage - Starting checkPartnerFormAndRegistrationPartnerFormTest
2023-12-08 23:22:23.892 [main] INFO  ua.foxminded.scarb.pages.PartnerPage - Starting checkPartnerFormAndRegistrationPartnerFormTest
2023-12-08 23:26:09.926 [main] INFO  ua.foxminded.scarb.pages.PartnerPage - Starting checkPartnerFormAndRegistrationPartnerFormTest
2023-12-08 23:27:58.580 [main] INFO  ua.foxminded.scarb.test.NgoCreationTest - Creating Ngo: Ngo1
